<?xml version="1.0" encoding="UTF-8"?>
<!-- Generated by org.testng.reporters.JUnitReportReporter -->
<testsuite name="hfirst.hef.SimpleLaunchingApp" tests="1" time="19.251" ignored="0" failures="0" timestamp="25 Apr 2019 02:32:53 GMT" skipped="0" hostname="Umesh" errors="0">
  <testcase name="tc_001" time="19.251" classname="hfirst.hef.SimpleLaunchingApp"/>
</testsuite> <!-- hfirst.hef.SimpleLaunchingApp -->
